# JRE version: OpenJDK Runtime Environment (11.0.13) (build 11.0.13+0-b1751.21-8125866)
# Java VM: OpenJDK 64-Bit Server VM (11.0.13+0-b1751.21-8125866, mixed mode, tiered, compressed oops, g1 gc, windows-amd64)
Heap:
 garbage-first heap   total 484352K, used 370026K [0x0000000080000000, 0x0000000100000000)
  region size 1024K, 186 young (190464K), 14 survivors (14336K)
 Metaspace       used 102192K, capacity 104939K, committed 105040K, reserved 1140736K
  class space    used 13109K, capacity 14167K, committed 14208K, reserved 1048576K
GC Heap History (20 events):
Event: 24.394 GC heap before
{Heap before GC invocations=37 (full 0):
 garbage-first heap   total 283648K, used 223123K [0x0000000080000000, 0x0000000100000000)
  region size 1024K, 67 young (68608K), 9 survivors (9216K)
 Metaspace       used 97990K, capacity 100639K, committed 100816K, reserved 1136640K
  class space    used 12722K, capacity 13730K, committed 13824K, reserved 1048576K
}
Event: 24.425 GC heap after
{Heap after GC invocations=38 (full 0):
 garbage-first heap   total 283648K, used 173752K [0x0000000080000000, 0x0000000100000000)
  region size 1024K, 9 young (9216K), 9 survivors (9216K)
 Metaspace       used 97990K, capacity 100639K, committed 100816K, reserved 1136640K
  class space    used 12722K, capacity 13730K, committed 13824K, reserved 1048576K
}
Event: 24.841 GC heap before
{Heap before GC invocations=39 (full 0):
 garbage-first heap   total 283648K, used 230072K [0x0000000080000000, 0x0000000100000000)
  region size 1024K, 64 young (65536K), 9 survivors (9216K)
 Metaspace       used 99317K, capacity 102019K, committed 102352K, reserved 1138688K
  class space    used 12947K, capacity 13974K, committed 14080K, reserved 1048576K
}
Event: 24.876 GC heap after
{Heap after GC invocations=40 (full 0):
 garbage-first heap   total 484352K, used 181095K [0x0000000080000000, 0x0000000100000000)
  region size 1024K, 8 young (8192K), 8 survivors (8192K)
 Metaspace       used 99317K, capacity 102019K, committed 102352K, reserved 1138688K
  class space    used 12947K, capacity 13974K, committed 14080K, reserved 1048576K
}
Event: 25.943 GC heap before
{Heap before GC invocations=40 (full 0):
 garbage-first heap   total 484352K, used 297831K [0x0000000080000000, 0x0000000100000000)
  region size 1024K, 122 young (124928K), 8 survivors (8192K)
 Metaspace       used 100762K, capacity 103495K, committed 103632K, reserved 1138688K
  class space    used 13028K, capacity 14065K, committed 14080K, reserved 1048576K
}
Event: 25.967 GC heap after
{Heap after GC invocations=41 (full 0):
 garbage-first heap   total 484352K, used 186340K [0x0000000080000000, 0x0000000100000000)
  region size 1024K, 13 young (13312K), 13 survivors (13312K)
 Metaspace       used 100762K, capacity 103495K, committed 103632K, reserved 1138688K
  class space    used 13028K, capacity 14065K, committed 14080K, reserved 1048576K
}
Event: 27.061 GC heap before
{Heap before GC invocations=41 (full 0):
 garbage-first heap   total 484352K, used 350180K [0x0000000080000000, 0x0000000100000000)
  region size 1024K, 173 young (177152K), 13 survivors (13312K)
 Metaspace       used 101441K, capacity 104212K, committed 104272K, reserved 1138688K
  class space    used 13090K, capacity 14152K, committed 14208K, reserved 1048576K
}
Event: 27.084 GC heap after
{Heap after GC invocations=42 (full 0):
 garbage-first heap   total 484352K, used 187754K [0x0000000080000000, 0x0000000100000000)
  region size 1024K, 7 young (7168K), 7 survivors (7168K)
 Metaspace       used 101441K, capacity 104212K, committed 104272K, reserved 1138688K
  class space    used 13090K, capacity 14152K, committed 14208K, reserved 1048576K
}
Event: 27.820 GC heap before
{Heap before GC invocations=42 (full 0):
 garbage-first heap   total 484352K, used 379242K [0x0000000080000000, 0x0000000100000000)
  region size 1024K, 194 young (198656K), 7 survivors (7168K)
 Metaspace       used 101736K, capacity 104435K, committed 104528K, reserved 1140736K
  class space    used 13095K, capacity 14157K, committed 14208K, reserved 1048576K
}
Event: 27.835 GC heap after
{Heap after GC invocations=43 (full 0):
 garbage-first heap   total 484352K, used 188778K [0x0000000080000000, 0x0000000100000000)
  region size 1024K, 8 young (8192K), 8 survivors (8192K)
 Metaspace       used 101736K, capacity 104435K, committed 104528K, reserved 1140736K
  class space    used 13095K, capacity 14157K, committed 14208K, reserved 1048576K
}
Event: 28.463 GC heap before
{Heap before GC invocations=43 (full 0):
 garbage-first heap   total 484352K, used 391530K [0x0000000080000000, 0x0000000100000000)
  region size 1024K, 206 young (210944K), 8 survivors (8192K)
 Metaspace       used 101970K, capacity 104670K, committed 104784K, reserved 1140736K
  class space    used 13102K, capacity 14166K, committed 14208K, reserved 1048576K
}
Event: 28.480 GC heap after
{Heap after GC invocations=44 (full 0):
 garbage-first heap   total 484352K, used 190826K [0x0000000080000000, 0x0000000100000000)
  region size 1024K, 10 young (10240K), 10 survivors (10240K)
 Metaspace       used 101970K, capacity 104670K, committed 104784K, reserved 1140736K
  class space    used 13102K, capacity 14166K, committed 14208K, reserved 1048576K
}
Event: 29.045 GC heap before
{Heap before GC invocations=44 (full 0):
 garbage-first heap   total 484352K, used 401770K [0x0000000080000000, 0x0000000100000000)
  region size 1024K, 216 young (221184K), 10 survivors (10240K)
 Metaspace       used 102086K, capacity 104800K, committed 105040K, reserved 1140736K
  class space    used 13108K, capacity 14166K, committed 14208K, reserved 1048576K
}
Event: 29.063 GC heap after
{Heap after GC invocations=45 (full 0):
 garbage-first heap   total 484352K, used 191267K [0x0000000080000000, 0x0000000100000000)
  region size 1024K, 11 young (11264K), 11 survivors (11264K)
 Metaspace       used 102086K, capacity 104800K, committed 105040K, reserved 1140736K
  class space    used 13108K, capacity 14166K, committed 14208K, reserved 1048576K
}
Event: 29.599 GC heap before
{Heap before GC invocations=45 (full 0):
 garbage-first heap   total 484352K, used 408355K [0x0000000080000000, 0x0000000100000000)
  region size 1024K, 223 young (228352K), 11 survivors (11264K)
 Metaspace       used 102139K, capacity 104802K, committed 105040K, reserved 1140736K
  class space    used 13108K, capacity 14166K, committed 14208K, reserved 1048576K
}
Event: 29.619 GC heap after
{Heap after GC invocations=46 (full 0):
 garbage-first heap   total 484352K, used 191787K [0x0000000080000000, 0x0000000100000000)
  region size 1024K, 11 young (11264K), 11 survivors (11264K)
 Metaspace       used 102139K, capacity 104802K, committed 105040K, reserved 1140736K
  class space    used 13108K, capacity 14166K, committed 14208K, reserved 1048576K
}
Event: 30.135 GC heap before
{Heap before GC invocations=46 (full 0):
 garbage-first heap   total 484352K, used 413995K [0x0000000080000000, 0x0000000100000000)
  region size 1024K, 228 young (233472K), 11 survivors (11264K)
 Metaspace       used 102156K, capacity 104869K, committed 105040K, reserved 1140736K
  class space    used 13109K, capacity 14167K, committed 14208K, reserved 1048576K
}
Event: 30.157 GC heap after
{Heap after GC invocations=47 (full 0):
 garbage-first heap   total 484352K, used 193120K [0x0000000080000000, 0x0000000100000000)
  region size 1024K, 13 young (13312K), 13 survivors (13312K)
 Metaspace       used 102156K, capacity 104869K, committed 105040K, reserved 1140736K
  class space    used 13109K, capacity 14167K, committed 14208K, reserved 1048576K
}
Event: 30.710 GC heap before
{Heap before GC invocations=47 (full 0):
 garbage-first heap   total 484352K, used 415328K [0x0000000080000000, 0x0000000100000000)
  region size 1024K, 230 young (235520K), 13 survivors (13312K)
 Metaspace       used 102183K, capacity 104939K, committed 105040K, reserved 1140736K
  class space    used 13109K, capacity 14167K, committed 14208K, reserved 1048576K
}
Event: 30.735 GC heap after
{Heap after GC invocations=48 (full 0):
 garbage-first heap   total 484352K, used 194922K [0x0000000080000000, 0x0000000100000000)
  region size 1024K, 14 young (14336K), 14 survivors (14336K)
 Metaspace       used 102183K, capacity 104939K, committed 105040K, reserved 1140736K
  class space    used 13109K, capacity 14167K, committed 14208K, reserved 1048576K
}

