# JRE version: OpenJDK Runtime Environment (11.0.13) (build 11.0.13+0-b1751.21-8125866)
# Java VM: OpenJDK 64-Bit Server VM (11.0.13+0-b1751.21-8125866, mixed mode, tiered, compressed oops, g1 gc, windows-amd64)
Heap:
 garbage-first heap   total 721920K, used 167527K [0x0000000080000000, 0x0000000100000000)
  region size 1024K, 15 young (15360K), 15 survivors (15360K)
 Metaspace       used 103411K, capacity 106211K, committed 106444K, reserved 1140736K
  class space    used 13276K, capacity 14347K, committed 14360K, reserved 1048576K
GC Heap History (20 events):
Event: 29.715 GC heap after
{Heap after GC invocations=43 (full 0):
 garbage-first heap   total 447488K, used 153482K [0x0000000080000000, 0x0000000100000000)
  region size 1024K, 3 young (3072K), 3 survivors (3072K)
 Metaspace       used 99489K, capacity 102102K, committed 102348K, reserved 1138688K
  class space    used 12989K, capacity 13935K, committed 14104K, reserved 1048576K
}
Event: 30.747 GC heap before
{Heap before GC invocations=44 (full 0):
 garbage-first heap   total 447488K, used 272266K [0x0000000080000000, 0x0000000100000000)
  region size 1024K, 120 young (122880K), 3 survivors (3072K)
 Metaspace       used 101140K, capacity 103802K, committed 104012K, reserved 1138688K
  class space    used 13139K, capacity 14124K, committed 14232K, reserved 1048576K
}
Event: 30.804 GC heap after
{Heap after GC invocations=45 (full 0):
 garbage-first heap   total 447488K, used 159927K [0x0000000080000000, 0x0000000100000000)
  region size 1024K, 10 young (10240K), 10 survivors (10240K)
 Metaspace       used 101140K, capacity 103802K, committed 104012K, reserved 1138688K
  class space    used 13139K, capacity 14124K, committed 14232K, reserved 1048576K
}
Event: 31.963 GC heap before
{Heap before GC invocations=45 (full 0):
 garbage-first heap   total 447488K, used 296119K [0x0000000080000000, 0x0000000100000000)
  region size 1024K, 144 young (147456K), 10 survivors (10240K)
 Metaspace       used 101391K, capacity 104084K, committed 104268K, reserved 1138688K
  class space    used 13145K, capacity 14132K, committed 14232K, reserved 1048576K
}
Event: 31.986 GC heap after
{Heap after GC invocations=46 (full 0):
 garbage-first heap   total 447488K, used 161811K [0x0000000080000000, 0x0000000100000000)
  region size 1024K, 9 young (9216K), 9 survivors (9216K)
 Metaspace       used 101391K, capacity 104084K, committed 104268K, reserved 1138688K
  class space    used 13145K, capacity 14132K, committed 14232K, reserved 1048576K
}
Event: 32.691 GC heap before
{Heap before GC invocations=46 (full 0):
 garbage-first heap   total 447488K, used 324627K [0x0000000080000000, 0x0000000100000000)
  region size 1024K, 169 young (173056K), 9 survivors (9216K)
 Metaspace       used 101719K, capacity 104407K, committed 104524K, reserved 1140736K
  class space    used 13199K, capacity 14197K, committed 14232K, reserved 1048576K
}
Event: 32.702 GC heap after
{Heap after GC invocations=47 (full 0):
 garbage-first heap   total 447488K, used 162089K [0x0000000080000000, 0x0000000100000000)
  region size 1024K, 9 young (9216K), 9 survivors (9216K)
 Metaspace       used 101719K, capacity 104407K, committed 104524K, reserved 1140736K
  class space    used 13199K, capacity 14197K, committed 14232K, reserved 1048576K
}
Event: 33.300 GC heap before
{Heap before GC invocations=47 (full 0):
 garbage-first heap   total 447488K, used 344361K [0x0000000080000000, 0x0000000100000000)
  region size 1024K, 187 young (191488K), 9 survivors (9216K)
 Metaspace       used 102108K, capacity 104810K, committed 105164K, reserved 1140736K
  class space    used 13207K, capacity 14238K, committed 14360K, reserved 1048576K
}
Event: 33.314 GC heap after
{Heap after GC invocations=48 (full 0):
 garbage-first heap   total 447488K, used 163324K [0x0000000080000000, 0x0000000100000000)
  region size 1024K, 11 young (11264K), 11 survivors (11264K)
 Metaspace       used 102108K, capacity 104810K, committed 105164K, reserved 1140736K
  class space    used 13207K, capacity 14238K, committed 14360K, reserved 1048576K
}
Event: 33.877 GC heap before
{Heap before GC invocations=48 (full 0):
 garbage-first heap   total 447488K, used 350716K [0x0000000080000000, 0x0000000100000000)
  region size 1024K, 195 young (199680K), 11 survivors (11264K)
 Metaspace       used 102706K, capacity 105555K, committed 105676K, reserved 1140736K
  class space    used 13260K, capacity 14328K, committed 14360K, reserved 1048576K
}
Event: 33.892 GC heap after
{Heap after GC invocations=49 (full 0):
 garbage-first heap   total 447488K, used 164369K [0x0000000080000000, 0x0000000100000000)
  region size 1024K, 12 young (12288K), 12 survivors (12288K)
 Metaspace       used 102706K, capacity 105555K, committed 105676K, reserved 1140736K
  class space    used 13260K, capacity 14328K, committed 14360K, reserved 1048576K
}
Event: 34.384 GC heap before
{Heap before GC invocations=49 (full 0):
 garbage-first heap   total 447488K, used 372241K [0x0000000080000000, 0x0000000100000000)
  region size 1024K, 215 young (220160K), 12 survivors (12288K)
 Metaspace       used 102939K, capacity 105777K, committed 105932K, reserved 1140736K
  class space    used 13263K, capacity 14330K, committed 14360K, reserved 1048576K
}
Event: 34.399 GC heap after
{Heap after GC invocations=50 (full 0):
 garbage-first heap   total 447488K, used 165705K [0x0000000080000000, 0x0000000100000000)
  region size 1024K, 13 young (13312K), 13 survivors (13312K)
 Metaspace       used 102939K, capacity 105777K, committed 105932K, reserved 1140736K
  class space    used 13263K, capacity 14330K, committed 14360K, reserved 1048576K
}
Event: 34.859 GC heap before
{Heap before GC invocations=50 (full 0):
 garbage-first heap   total 447488K, used 377673K [0x0000000080000000, 0x0000000100000000)
  region size 1024K, 220 young (225280K), 13 survivors (13312K)
 Metaspace       used 103129K, capacity 105957K, committed 106188K, reserved 1140736K
  class space    used 13268K, capacity 14338K, committed 14360K, reserved 1048576K
}
Event: 34.873 GC heap after
{Heap after GC invocations=51 (full 0):
 garbage-first heap   total 447488K, used 164137K [0x0000000080000000, 0x0000000100000000)
  region size 1024K, 11 young (11264K), 11 survivors (11264K)
 Metaspace       used 103129K, capacity 105957K, committed 106188K, reserved 1140736K
  class space    used 13268K, capacity 14338K, committed 14360K, reserved 1048576K
}
Event: 35.294 GC heap before
{Heap before GC invocations=51 (full 0):
 garbage-first heap   total 447488K, used 381225K [0x0000000080000000, 0x0000000100000000)
  region size 1024K, 224 young (229376K), 11 survivors (11264K)
 Metaspace       used 103353K, capacity 106189K, committed 106444K, reserved 1140736K
  class space    used 13273K, capacity 14341K, committed 14360K, reserved 1048576K
}
Event: 35.308 GC heap after
{Heap after GC invocations=52 (full 0):
 garbage-first heap   total 447488K, used 164405K [0x0000000080000000, 0x0000000100000000)
  region size 1024K, 12 young (12288K), 12 survivors (12288K)
 Metaspace       used 103353K, capacity 106189K, committed 106444K, reserved 1140736K
  class space    used 13273K, capacity 14341K, committed 14360K, reserved 1048576K
}
Event: 35.739 GC heap before
{Heap before GC invocations=52 (full 0):
 garbage-first heap   total 447488K, used 382517K [0x0000000080000000, 0x0000000100000000)
  region size 1024K, 226 young (231424K), 12 survivors (12288K)
 Metaspace       used 103388K, capacity 106203K, committed 106444K, reserved 1140736K
  class space    used 13275K, capacity 14345K, committed 14360K, reserved 1048576K
}
Event: 35.762 GC heap after
{Heap after GC invocations=53 (full 0):
 garbage-first heap   total 447488K, used 166974K [0x0000000080000000, 0x0000000100000000)
  region size 1024K, 14 young (14336K), 14 survivors (14336K)
 Metaspace       used 103388K, capacity 106203K, committed 106444K, reserved 1140736K
  class space    used 13275K, capacity 14345K, committed 14360K, reserved 1048576K
}
Event: 36.196 GC heap before
{Heap before GC invocations=53 (full 0):
 garbage-first heap   total 447488K, used 383038K [0x0000000080000000, 0x0000000100000000)
  region size 1024K, 226 young (231424K), 14 survivors (14336K)
 Metaspace       used 103411K, capacity 106211K, committed 106444K, reserved 1140736K
  class space    used 13276K, capacity 14347K, committed 14360K, reserved 1048576K
}

