# JRE version: OpenJDK Runtime Environment (11.0.13) (build 11.0.13+0-b1751.21-8125866)
# Java VM: OpenJDK 64-Bit Server VM (11.0.13+0-b1751.21-8125866, mixed mode, tiered, compressed oops, g1 gc, windows-amd64)
Heap:
 garbage-first heap   total 501760K, used 274579K [0x0000000080000000, 0x0000000100000000)
  region size 1024K, 13 young (13312K), 13 survivors (13312K)
 Metaspace       used 144208K, capacity 148465K, committed 149120K, reserved 1179648K
  class space    used 17830K, capacity 19371K, committed 19584K, reserved 1048576K
GC Heap History (20 events):
Event: 1456.962 GC heap after
{Heap after GC invocations=126 (full 0):
 garbage-first heap   total 435200K, used 211014K [0x0000000080000000, 0x0000000100000000)
  region size 1024K, 19 young (19456K), 19 survivors (19456K)
 Metaspace       used 127951K, capacity 131481K, committed 131584K, reserved 1163264K
  class space    used 15596K, capacity 16826K, committed 16896K, reserved 1048576K
}
Event: 1458.403 GC heap before
{Heap before GC invocations=127 (full 0):
 garbage-first heap   total 435200K, used 333894K [0x0000000080000000, 0x0000000100000000)
  region size 1024K, 141 young (144384K), 19 survivors (19456K)
 Metaspace       used 129618K, capacity 133207K, committed 133376K, reserved 1165312K
  class space    used 15814K, capacity 17052K, committed 17152K, reserved 1048576K
}
Event: 1458.430 GC heap after
{Heap after GC invocations=128 (full 0):
 garbage-first heap   total 435200K, used 222694K [0x0000000080000000, 0x0000000100000000)
  region size 1024K, 12 young (12288K), 12 survivors (12288K)
 Metaspace       used 129618K, capacity 133207K, committed 133376K, reserved 1165312K
  class space    used 15814K, capacity 17052K, committed 17152K, reserved 1048576K
}
Event: 1458.471 GC heap before
{Heap before GC invocations=128 (full 0):
 garbage-first heap   total 435200K, used 231910K [0x0000000080000000, 0x0000000100000000)
  region size 1024K, 21 young (21504K), 12 survivors (12288K)
 Metaspace       used 129781K, capacity 133335K, committed 133632K, reserved 1165312K
  class space    used 15832K, capacity 17052K, committed 17152K, reserved 1048576K
}
Event: 1458.486 GC heap after
{Heap after GC invocations=129 (full 0):
 garbage-first heap   total 435200K, used 220900K [0x0000000080000000, 0x0000000100000000)
  region size 1024K, 2 young (2048K), 2 survivors (2048K)
 Metaspace       used 129781K, capacity 133335K, committed 133632K, reserved 1165312K
  class space    used 15832K, capacity 17052K, committed 17152K, reserved 1048576K
}
Event: 1458.877 GC heap before
{Heap before GC invocations=129 (full 0):
 garbage-first heap   total 435200K, used 342756K [0x0000000080000000, 0x0000000100000000)
  region size 1024K, 122 young (124928K), 2 survivors (2048K)
 Metaspace       used 131292K, capacity 134924K, committed 135040K, reserved 1167360K
  class space    used 16033K, capacity 17280K, committed 17280K, reserved 1048576K
}
Event: 1458.887 GC heap after
{Heap after GC invocations=130 (full 0):
 garbage-first heap   total 435200K, used 222432K [0x0000000080000000, 0x0000000100000000)
  region size 1024K, 4 young (4096K), 4 survivors (4096K)
 Metaspace       used 131292K, capacity 134924K, committed 135040K, reserved 1167360K
  class space    used 16033K, capacity 17280K, committed 17280K, reserved 1048576K
}
Event: 1459.907 GC heap before
{Heap before GC invocations=131 (full 0):
 garbage-first heap   total 435200K, used 353504K [0x0000000080000000, 0x0000000100000000)
  region size 1024K, 131 young (134144K), 4 survivors (4096K)
 Metaspace       used 133100K, capacity 136704K, committed 136832K, reserved 1169408K
  class space    used 16240K, capacity 17503K, committed 17536K, reserved 1048576K
}
Event: 1459.920 GC heap after
{Heap after GC invocations=132 (full 0):
 garbage-first heap   total 435200K, used 234807K [0x0000000080000000, 0x0000000100000000)
  region size 1024K, 16 young (16384K), 16 survivors (16384K)
 Metaspace       used 133100K, capacity 136704K, committed 136832K, reserved 1169408K
  class space    used 16240K, capacity 17503K, committed 17536K, reserved 1048576K
}
Event: 1459.947 GC heap before
{Heap before GC invocations=132 (full 0):
 garbage-first heap   total 435200K, used 238903K [0x0000000080000000, 0x0000000100000000)
  region size 1024K, 21 young (21504K), 16 survivors (16384K)
 Metaspace       used 133163K, capacity 136768K, committed 136832K, reserved 1169408K
  class space    used 16245K, capacity 17503K, committed 17536K, reserved 1048576K
}
Event: 1459.957 GC heap after
{Heap after GC invocations=133 (full 0):
 garbage-first heap   total 435200K, used 231340K [0x0000000080000000, 0x0000000100000000)
  region size 1024K, 3 young (3072K), 3 survivors (3072K)
 Metaspace       used 133163K, capacity 136768K, committed 136832K, reserved 1169408K
  class space    used 16245K, capacity 17503K, committed 17536K, reserved 1048576K
}
Event: 1460.788 GC heap before
{Heap before GC invocations=133 (full 0):
 garbage-first heap   total 435200K, used 352172K [0x0000000080000000, 0x0000000100000000)
  region size 1024K, 122 young (124928K), 3 survivors (3072K)
 Metaspace       used 138674K, capacity 142596K, committed 142848K, reserved 1173504K
  class space    used 17021K, capacity 18412K, committed 18432K, reserved 1048576K
}
Event: 1460.829 GC heap after
{Heap after GC invocations=134 (full 0):
 garbage-first heap   total 435200K, used 252206K [0x0000000080000000, 0x0000000100000000)
  region size 1024K, 16 young (16384K), 16 survivors (16384K)
 Metaspace       used 138674K, capacity 142596K, committed 142848K, reserved 1173504K
  class space    used 17021K, capacity 18412K, committed 18432K, reserved 1048576K
}
Event: 1461.387 GC heap before
{Heap before GC invocations=135 (full 0):
 garbage-first heap   total 435200K, used 348462K [0x0000000080000000, 0x0000000100000000)
  region size 1024K, 114 young (116736K), 16 survivors (16384K)
 Metaspace       used 141010K, capacity 145103K, committed 145408K, reserved 1175552K
  class space    used 17390K, capacity 18856K, committed 18944K, reserved 1048576K
}
Event: 1461.425 GC heap after
{Heap after GC invocations=136 (full 0):
 garbage-first heap   total 435200K, used 262447K [0x0000000080000000, 0x0000000100000000)
  region size 1024K, 15 young (15360K), 15 survivors (15360K)
 Metaspace       used 141010K, capacity 145103K, committed 145408K, reserved 1175552K
  class space    used 17390K, capacity 18856K, committed 18944K, reserved 1048576K
}
Event: 1461.443 GC heap before
{Heap before GC invocations=136 (full 0):
 garbage-first heap   total 435200K, used 268591K [0x0000000080000000, 0x0000000100000000)
  region size 1024K, 21 young (21504K), 15 survivors (15360K)
 Metaspace       used 141174K, capacity 145235K, committed 145408K, reserved 1175552K
  class space    used 17413K, capacity 18880K, committed 18944K, reserved 1048576K
}
Event: 1461.476 GC heap after
{Heap after GC invocations=137 (full 0):
 garbage-first heap   total 435200K, used 246768K [0x0000000080000000, 0x0000000100000000)
  region size 1024K, 3 young (3072K), 3 survivors (3072K)
 Metaspace       used 141174K, capacity 145235K, committed 145408K, reserved 1175552K
  class space    used 17413K, capacity 18880K, committed 18944K, reserved 1048576K
}
Event: 1461.867 GC heap before
{Heap before GC invocations=137 (full 0):
 garbage-first heap   total 435200K, used 349168K [0x0000000080000000, 0x0000000100000000)
  region size 1024K, 103 young (105472K), 3 survivors (3072K)
 Metaspace       used 143714K, capacity 147962K, committed 148224K, reserved 1177600K
  class space    used 17796K, capacity 19340K, committed 19456K, reserved 1048576K
}
Event: 1461.900 GC heap after
{Heap after GC invocations=138 (full 0):
 garbage-first heap   total 435200K, used 260974K [0x0000000080000000, 0x0000000100000000)
  region size 1024K, 13 young (13312K), 13 survivors (13312K)
 Metaspace       used 143714K, capacity 147962K, committed 148224K, reserved 1177600K
  class space    used 17796K, capacity 19340K, committed 19456K, reserved 1048576K
}
Event: 1462.418 GC heap before
{Heap before GC invocations=138 (full 0):
 garbage-first heap   total 435200K, used 353134K [0x0000000080000000, 0x0000000100000000)
  region size 1024K, 104 young (106496K), 13 survivors (13312K)
 Metaspace       used 144208K, capacity 148465K, committed 149120K, reserved 1179648K
  class space    used 17830K, capacity 19371K, committed 19584K, reserved 1048576K
}

